2024-02-04 13:59:38 error: [Cake\Database\Exception\DatabaseException] SQLSTATE[42S02]: Base table or view not found: 1146 Table 'mundowap_test_cakephp.adresses' doesn't exist in C:\wamp64\www\Projetos\mundowap\vendor\cakephp\cakephp\src\Database\Schema\Collection.php on line 160
Stack Trace:
- C:\wamp64\www\Projetos\mundowap\vendor\cakephp\cakephp\src\Database\Schema\Collection.php:118
- C:\wamp64\www\Projetos\mundowap\vendor\cakephp\cakephp\src\ORM\Table.php:528
- C:\wamp64\www\Projetos\mundowap\vendor\cakephp\bake\src\Command\ModelCommand.php:111
- C:\wamp64\www\Projetos\mundowap\vendor\cakephp\bake\src\Command\ModelCommand.php:94
- C:\wamp64\www\Projetos\mundowap\vendor\cakephp\bake\src\Command\AllCommand.php:115
- C:\wamp64\www\Projetos\mundowap\vendor\cakephp\cakephp\src\Console\BaseCommand.php:190
- C:\wamp64\www\Projetos\mundowap\vendor\cakephp\cakephp\src\Console\CommandRunner.php:334
- C:\wamp64\www\Projetos\mundowap\vendor\cakephp\cakephp\src\Console\CommandRunner.php:172
- C:\wamp64\www\Projetos\mundowap\bin\cake.php:12
- [main]:

Caused by: [PDOException] SQLSTATE[42S02]: Base table or view not found: 1146 Table 'mundowap_test_cakephp.adresses' doesn't exist in C:\wamp64\www\Projetos\mundowap\vendor\cakephp\cakephp\src\Database\Statement\MysqlStatement.php on line 39
Stack Trace:
- C:\wamp64\www\Projetos\mundowap\vendor\cakephp\cakephp\src\Database\Statement\MysqlStatement.php:39
- C:\wamp64\www\Projetos\mundowap\vendor\cakephp\cakephp\src\Database\Connection.php:414
- C:\wamp64\www\Projetos\mundowap\vendor\cakephp\cakephp\src\Core\Retry\CommandRetry.php:70
- C:\wamp64\www\Projetos\mundowap\vendor\cakephp\cakephp\src\Database\Connection.php:409
- C:\wamp64\www\Projetos\mundowap\vendor\cakephp\cakephp\src\Database\Schema\Collection.php:158
- C:\wamp64\www\Projetos\mundowap\vendor\cakephp\cakephp\src\Database\Schema\Collection.php:118
- C:\wamp64\www\Projetos\mundowap\vendor\cakephp\cakephp\src\ORM\Table.php:528
- C:\wamp64\www\Projetos\mundowap\vendor\cakephp\bake\src\Command\ModelCommand.php:111
- C:\wamp64\www\Projetos\mundowap\vendor\cakephp\bake\src\Command\ModelCommand.php:94
- C:\wamp64\www\Projetos\mundowap\vendor\cakephp\bake\src\Command\AllCommand.php:115
- C:\wamp64\www\Projetos\mundowap\vendor\cakephp\cakephp\src\Console\BaseCommand.php:190
- C:\wamp64\www\Projetos\mundowap\vendor\cakephp\cakephp\src\Console\CommandRunner.php:334
- C:\wamp64\www\Projetos\mundowap\vendor\cakephp\cakephp\src\Console\CommandRunner.php:172
- C:\wamp64\www\Projetos\mundowap\bin\cake.php:12
- [main]:

